<?xml version="1.0" encoding="UTF-8"?>
<testng-results ignored="0" total="1" passed="1" failed="0" skipped="0">
  <reporter-output>
  </reporter-output>
  <suite started-at="2023-02-12T23:47:14 EST" name="Suite" finished-at="2023-02-12T23:47:20 EST" duration-ms="6194">
    <groups>
    </groups>
    <test started-at="2023-02-12T23:47:14 EST" name="Test" finished-at="2023-02-12T23:47:20 EST" duration-ms="6194">
      <class name="TestCases.BuyKindleWithoutLogin">
        <test-method is-config="true" signature="startApp()[pri:0, instance:TestCases.BuyKindleWithoutLogin@55de24cc]" started-at="2023-02-12T23:47:14 EST" name="startApp" finished-at="2023-02-12T23:47:17 EST" duration-ms="3268" status="PASS">
          <reporter-output>
          </reporter-output>
        </test-method> <!-- startApp -->
        <test-method signature="buyKindle()[pri:0, instance:TestCases.BuyKindleWithoutLogin@55de24cc]" started-at="2023-02-12T23:47:17 EST" name="buyKindle" finished-at="2023-02-12T23:47:20 EST" duration-ms="2381" status="PASS">
          <reporter-output>
          </reporter-output>
        </test-method> <!-- buyKindle -->
        <test-method is-config="true" signature="closeApp()[pri:0, instance:TestCases.BuyKindleWithoutLogin@55de24cc]" started-at="2023-02-12T23:47:20 EST" name="closeApp" finished-at="2023-02-12T23:47:20 EST" duration-ms="512" status="PASS">
          <reporter-output>
          </reporter-output>
        </test-method> <!-- closeApp -->
      </class> <!-- TestCases.BuyKindleWithoutLogin -->
    </test> <!-- Test -->
  </suite> <!-- Suite -->
</testng-results>
