<?xml version="1.0" encoding="UTF-8"?>
<testng-results ignored="0" total="1" passed="1" failed="0" skipped="0">
  <reporter-output>
  </reporter-output>
  <suite started-at="2023-02-13T11:28:16 EST" name="Suite" finished-at="2023-02-13T11:28:24 EST" duration-ms="8111">
    <groups>
    </groups>
    <test started-at="2023-02-13T11:28:16 EST" name="Test" finished-at="2023-02-13T11:28:24 EST" duration-ms="8111">
      <class name="TestCases.BuyKindleWithoutLogin">
        <test-method is-config="true" signature="startApp()[pri:0, instance:TestCases.BuyKindleWithoutLogin@55de24cc]" started-at="2023-02-13T11:28:16 EST" name="startApp" finished-at="2023-02-13T11:28:21 EST" duration-ms="4367" status="PASS">
          <reporter-output>
          </reporter-output>
        </test-method> <!-- startApp -->
        <test-method signature="buyKindle()[pri:0, instance:TestCases.BuyKindleWithoutLogin@55de24cc]" started-at="2023-02-13T11:28:21 EST" name="buyKindle" finished-at="2023-02-13T11:28:23 EST" duration-ms="2765" status="PASS">
          <reporter-output>
          </reporter-output>
        </test-method> <!-- buyKindle -->
        <test-method is-config="true" signature="closeApp()[pri:0, instance:TestCases.BuyKindleWithoutLogin@55de24cc]" started-at="2023-02-13T11:28:24 EST" name="closeApp" finished-at="2023-02-13T11:28:24 EST" duration-ms="941" status="PASS">
          <reporter-output>
          </reporter-output>
        </test-method> <!-- closeApp -->
      </class> <!-- TestCases.BuyKindleWithoutLogin -->
    </test> <!-- Test -->
  </suite> <!-- Suite -->
</testng-results>
